app/build/intermediates/manifest_merge_blame_file/debug/processDebugMainManifest/manifest-merger-blame-debug-report.txt
1<?xml version="1.0" encoding="utf-8"?>
2<manifest xmlns:android="http://schemas.android.com/apk/res/android"
3    package="com.authenticator"
4    android:versionCode="1"
5    android:versionName="1.0" >
6
7    <uses-sdk
8        android:minSdkVersion="23"
9        android:targetSdkVersion="34" />
10
11    <uses-permission android:name="android.permission.INTERNET" />
11-->src\main\AndroidManifest.xml:3:5-67
11-->src\main\AndroidManifest.xml:3:22-64
12    <uses-permission android:name="android.permission.WRITE_EXTERNAL_STORAGE" />
12-->src\main\AndroidManifest.xml:4:5-81
12-->src\main\AndroidManifest.xml:4:22-78
13    <uses-permission android:name="android.permission.READ_EXTERNAL_STORAGE" />
13-->src\main\AndroidManifest.xml:5:5-80
13-->src\main\AndroidManifest.xml:5:22-77
14    <uses-permission android:name="android.permission.ACCESS_NETWORK_STATE" />
14-->src\main\AndroidManifest.xml:6:5-79
14-->src\main\AndroidManifest.xml:6:22-76
15    <uses-permission android:name="android.permission.CAMERA" />
15-->src\main\AndroidManifest.xml:7:5-65
15-->src\main\AndroidManifest.xml:7:22-62
16    <!--
17    This manifest file is used only by Gradle to configure debug-only capabilities
18    for React Native Apps.
19    -->
20    <uses-permission android:name="android.permission.SYSTEM_ALERT_WINDOW" />
20-->[com.facebook.react:react-android:0.75.4] AndroidManifest.xml:16:5-78
20-->[com.facebook.react:react-android:0.75.4] AndroidManifest.xml:16:22-75
21
22    <queries>
22-->[androidx.camera:camera-extensions:1.5.0-alpha01] AndroidManifest.xml:22:5-26:15
23        <intent>
23-->[androidx.camera:camera-extensions:1.5.0-alpha01] AndroidManifest.xml:23:9-25:18
24            <action android:name="androidx.camera.extensions.action.VENDOR_ACTION" />
24-->[androidx.camera:camera-extensions:1.5.0-alpha01] AndroidManifest.xml:24:13-86
24-->[androidx.camera:camera-extensions:1.5.0-alpha01] AndroidManifest.xml:24:21-83
25        </intent>
26    </queries>
27
28    <permission
28-->[androidx.core:core:1.9.0] AndroidManifest.xml:22:5-24:47
29        android:name="com.authenticator.DYNAMIC_RECEIVER_NOT_EXPORTED_PERMISSION"
29-->[androidx.core:core:1.9.0] AndroidManifest.xml:23:9-81
30        android:protectionLevel="signature" />
30-->[androidx.core:core:1.9.0] AndroidManifest.xml:24:9-44
31
32    <uses-permission android:name="com.authenticator.DYNAMIC_RECEIVER_NOT_EXPORTED_PERMISSION" />
32-->[androidx.core:core:1.9.0] AndroidManifest.xml:26:5-97
32-->[androidx.core:core:1.9.0] AndroidManifest.xml:26:22-94
33
34    <application
34-->src\main\AndroidManifest.xml:9:5-29:19
35        android:name="com.authenticator.MainApplication"
35-->src\main\AndroidManifest.xml:10:7-38
36        android:allowBackup="false"
36-->src\main\AndroidManifest.xml:14:7-34
37        android:appComponentFactory="androidx.core.app.CoreComponentFactory"
37-->[androidx.core:core:1.9.0] AndroidManifest.xml:28:18-86
38        android:debuggable="true"
39        android:extractNativeLibs="false"
40        android:icon="@mipmap/ic_launcher"
40-->src\main\AndroidManifest.xml:12:7-41
41        android:label="@string/app_name"
41-->src\main\AndroidManifest.xml:11:7-39
42        android:roundIcon="@mipmap/ic_launcher_round"
42-->src\main\AndroidManifest.xml:13:7-52
43        android:supportsRtl="true"
43-->src\main\AndroidManifest.xml:16:7-33
44        android:theme="@style/AppTheme"
44-->src\main\AndroidManifest.xml:15:7-38
45        android:usesCleartextTraffic="true" >
45-->src\debug\AndroidManifest.xml:6:9-44
46        <activity
46-->src\main\AndroidManifest.xml:17:7-28:18
47            android:name="com.authenticator.MainActivity"
47-->src\main\AndroidManifest.xml:18:9-37
48            android:configChanges="keyboard|keyboardHidden|orientation|screenLayout|screenSize|smallestScreenSize|uiMode"
48-->src\main\AndroidManifest.xml:20:9-118
49            android:exported="true"
49-->src\main\AndroidManifest.xml:23:9-32
50            android:label="@string/app_name"
50-->src\main\AndroidManifest.xml:19:9-41
51            android:launchMode="singleTask"
51-->src\main\AndroidManifest.xml:21:9-40
52            android:windowSoftInputMode="adjustResize" >
52-->src\main\AndroidManifest.xml:22:9-51
53            <intent-filter>
53-->src\main\AndroidManifest.xml:24:9-27:25
54                <action android:name="android.intent.action.MAIN" />
54-->src\main\AndroidManifest.xml:25:13-65
54-->src\main\AndroidManifest.xml:25:21-62
55
56                <category android:name="android.intent.category.LAUNCHER" />
56-->src\main\AndroidManifest.xml:26:13-73
56-->src\main\AndroidManifest.xml:26:23-70
57            </intent-filter>
58        </activity>
59        <activity
59-->[com.facebook.react:react-android:0.75.4] AndroidManifest.xml:19:9-21:40
60            android:name="com.facebook.react.devsupport.DevSettingsActivity"
60-->[com.facebook.react:react-android:0.75.4] AndroidManifest.xml:20:13-77
61            android:exported="false" />
61-->[com.facebook.react:react-android:0.75.4] AndroidManifest.xml:21:13-37
62
63        <uses-library
63-->[androidx.camera:camera-extensions:1.5.0-alpha01] AndroidManifest.xml:29:9-31:40
64            android:name="androidx.camera.extensions.impl"
64-->[androidx.camera:camera-extensions:1.5.0-alpha01] AndroidManifest.xml:30:13-59
65            android:required="false" />
65-->[androidx.camera:camera-extensions:1.5.0-alpha01] AndroidManifest.xml:31:13-37
66
67        <service
67-->[androidx.camera:camera-camera2:1.5.0-alpha01] AndroidManifest.xml:24:9-33:19
68            android:name="androidx.camera.core.impl.MetadataHolderService"
68-->[androidx.camera:camera-camera2:1.5.0-alpha01] AndroidManifest.xml:25:13-75
69            android:enabled="false"
69-->[androidx.camera:camera-camera2:1.5.0-alpha01] AndroidManifest.xml:26:13-36
70            android:exported="false" >
70-->[androidx.camera:camera-camera2:1.5.0-alpha01] AndroidManifest.xml:27:13-37
71            <meta-data
71-->[androidx.camera:camera-camera2:1.5.0-alpha01] AndroidManifest.xml:30:13-32:89
72                android:name="androidx.camera.core.impl.MetadataHolderService.DEFAULT_CONFIG_PROVIDER"
72-->[androidx.camera:camera-camera2:1.5.0-alpha01] AndroidManifest.xml:31:17-103
73                android:value="androidx.camera.camera2.Camera2Config$DefaultProvider" />
73-->[androidx.camera:camera-camera2:1.5.0-alpha01] AndroidManifest.xml:32:17-86
74        </service>
75        <service
75-->[com.google.android.gms:play-services-mlkit-barcode-scanning:18.3.1] AndroidManifest.xml:9:9-15:19
76            android:name="com.google.mlkit.common.internal.MlKitComponentDiscoveryService"
76-->[com.google.android.gms:play-services-mlkit-barcode-scanning:18.3.1] AndroidManifest.xml:10:13-91
77            android:directBootAware="true"
77-->[com.google.mlkit:common:18.11.0] AndroidManifest.xml:17:13-43
78            android:exported="false" >
78-->[com.google.android.gms:play-services-mlkit-barcode-scanning:18.3.1] AndroidManifest.xml:11:13-37
79            <meta-data
79-->[com.google.android.gms:play-services-mlkit-barcode-scanning:18.3.1] AndroidManifest.xml:12:13-14:85
80                android:name="com.google.firebase.components:com.google.mlkit.vision.barcode.internal.BarcodeRegistrar"
80-->[com.google.android.gms:play-services-mlkit-barcode-scanning:18.3.1] AndroidManifest.xml:13:17-120
81                android:value="com.google.firebase.components.ComponentRegistrar" />
81-->[com.google.android.gms:play-services-mlkit-barcode-scanning:18.3.1] AndroidManifest.xml:14:17-82
82            <meta-data
82-->[com.google.mlkit:vision-common:17.3.0] AndroidManifest.xml:12:13-14:85
83                android:name="com.google.firebase.components:com.google.mlkit.vision.common.internal.VisionCommonRegistrar"
83-->[com.google.mlkit:vision-common:17.3.0] AndroidManifest.xml:13:17-124
84                android:value="com.google.firebase.components.ComponentRegistrar" />
84-->[com.google.mlkit:vision-common:17.3.0] AndroidManifest.xml:14:17-82
85            <meta-data
85-->[com.google.mlkit:common:18.11.0] AndroidManifest.xml:20:13-22:85
86                android:name="com.google.firebase.components:com.google.mlkit.common.internal.CommonComponentRegistrar"
86-->[com.google.mlkit:common:18.11.0] AndroidManifest.xml:21:17-120
87                android:value="com.google.firebase.components.ComponentRegistrar" />
87-->[com.google.mlkit:common:18.11.0] AndroidManifest.xml:22:17-82
88        </service>
89
90        <provider
90-->[com.google.mlkit:common:18.11.0] AndroidManifest.xml:9:9-13:38
91            android:name="com.google.mlkit.common.internal.MlKitInitProvider"
91-->[com.google.mlkit:common:18.11.0] AndroidManifest.xml:10:13-78
92            android:authorities="com.authenticator.mlkitinitprovider"
92-->[com.google.mlkit:common:18.11.0] AndroidManifest.xml:11:13-69
93            android:exported="false"
93-->[com.google.mlkit:common:18.11.0] AndroidManifest.xml:12:13-37
94            android:initOrder="99" />
94-->[com.google.mlkit:common:18.11.0] AndroidManifest.xml:13:13-35
95
96        <activity
96-->[com.google.android.gms:play-services-base:18.5.0] AndroidManifest.xml:5:9-173
97            android:name="com.google.android.gms.common.api.GoogleApiActivity"
97-->[com.google.android.gms:play-services-base:18.5.0] AndroidManifest.xml:5:19-85
98            android:exported="false"
98-->[com.google.android.gms:play-services-base:18.5.0] AndroidManifest.xml:5:146-170
99            android:theme="@android:style/Theme.Translucent.NoTitleBar" />
99-->[com.google.android.gms:play-services-base:18.5.0] AndroidManifest.xml:5:86-145
100
101        <meta-data
101-->[com.google.android.gms:play-services-basement:18.4.0] AndroidManifest.xml:6:9-122
102            android:name="com.google.android.gms.version"
102-->[com.google.android.gms:play-services-basement:18.4.0] AndroidManifest.xml:6:20-65
103            android:value="@integer/google_play_services_version" />
103-->[com.google.android.gms:play-services-basement:18.4.0] AndroidManifest.xml:6:66-119
104
105        <provider
105-->[androidx.emoji2:emoji2:1.2.0] AndroidManifest.xml:24:9-32:20
106            android:name="androidx.startup.InitializationProvider"
106-->[androidx.emoji2:emoji2:1.2.0] AndroidManifest.xml:25:13-67
107            android:authorities="com.authenticator.androidx-startup"
107-->[androidx.emoji2:emoji2:1.2.0] AndroidManifest.xml:26:13-68
108            android:exported="false" >
108-->[androidx.emoji2:emoji2:1.2.0] AndroidManifest.xml:27:13-37
109            <meta-data
109-->[androidx.emoji2:emoji2:1.2.0] AndroidManifest.xml:29:13-31:52
110                android:name="androidx.emoji2.text.EmojiCompatInitializer"
110-->[androidx.emoji2:emoji2:1.2.0] AndroidManifest.xml:30:17-75
111                android:value="androidx.startup" />
111-->[androidx.emoji2:emoji2:1.2.0] AndroidManifest.xml:31:17-49
112            <meta-data
112-->[androidx.lifecycle:lifecycle-process:2.4.1] AndroidManifest.xml:31:13-33:52
113                android:name="androidx.lifecycle.ProcessLifecycleInitializer"
113-->[androidx.lifecycle:lifecycle-process:2.4.1] AndroidManifest.xml:32:17-78
114                android:value="androidx.startup" />
114-->[androidx.lifecycle:lifecycle-process:2.4.1] AndroidManifest.xml:33:17-49
115        </provider>
116
117        <service
117-->[com.google.android.datatransport:transport-backend-cct:2.3.3] AndroidManifest.xml:29:9-35:19
118            android:name="com.google.android.datatransport.runtime.backends.TransportBackendDiscovery"
118-->[com.google.android.datatransport:transport-backend-cct:2.3.3] AndroidManifest.xml:30:13-103
119            android:exported="false" >
119-->[com.google.android.datatransport:transport-backend-cct:2.3.3] AndroidManifest.xml:31:13-37
120            <meta-data
120-->[com.google.android.datatransport:transport-backend-cct:2.3.3] AndroidManifest.xml:32:13-34:39
121                android:name="backend:com.google.android.datatransport.cct.CctBackendFactory"
121-->[com.google.android.datatransport:transport-backend-cct:2.3.3] AndroidManifest.xml:33:17-94
122                android:value="cct" />
122-->[com.google.android.datatransport:transport-backend-cct:2.3.3] AndroidManifest.xml:34:17-36
123        </service>
124        <service
124-->[com.google.android.datatransport:transport-runtime:2.2.6] AndroidManifest.xml:26:9-30:19
125            android:name="com.google.android.datatransport.runtime.scheduling.jobscheduling.JobInfoSchedulerService"
125-->[com.google.android.datatransport:transport-runtime:2.2.6] AndroidManifest.xml:27:13-117
126            android:exported="false"
126-->[com.google.android.datatransport:transport-runtime:2.2.6] AndroidManifest.xml:28:13-37
127            android:permission="android.permission.BIND_JOB_SERVICE" >
127-->[com.google.android.datatransport:transport-runtime:2.2.6] AndroidManifest.xml:29:13-69
128        </service>
129
130        <receiver
130-->[com.google.android.datatransport:transport-runtime:2.2.6] AndroidManifest.xml:32:9-34:40
131            android:name="com.google.android.datatransport.runtime.scheduling.jobscheduling.AlarmManagerSchedulerBroadcastReceiver"
131-->[com.google.android.datatransport:transport-runtime:2.2.6] AndroidManifest.xml:33:13-132
132            android:exported="false" />
132-->[com.google.android.datatransport:transport-runtime:2.2.6] AndroidManifest.xml:34:13-37
133
134        <meta-data
134-->[com.facebook.soloader:soloader:0.11.0] AndroidManifest.xml:12:9-14:37
135            android:name="com.facebook.soloader.enabled"
135-->[com.facebook.soloader:soloader:0.11.0] AndroidManifest.xml:13:13-57
136            android:value="false" />
136-->[com.facebook.soloader:soloader:0.11.0] AndroidManifest.xml:14:13-34
137    </application>
138
139</manifest>